D:\USERS\PAKULKARNI\DOCUMENTS\VISUAL STUDIO 2012\PROJECTS\OO_GL\PGL\DEBUG\PGL_CAMERA.OBJ
D:\USERS\PAKULKARNI\DOCUMENTS\VISUAL STUDIO 2012\PROJECTS\OO_GL\PGL\DEBUG\PGL_DPS_LIGHT.OBJ
D:\USERS\PAKULKARNI\DOCUMENTS\VISUAL STUDIO 2012\PROJECTS\OO_GL\PGL\DEBUG\PGL_MAIN.OBJ
D:\USERS\PAKULKARNI\DOCUMENTS\VISUAL STUDIO 2012\PROJECTS\OO_GL\PGL\DEBUG\PGL_MATHS.OBJ
D:\USERS\PAKULKARNI\DOCUMENTS\VISUAL STUDIO 2012\PROJECTS\OO_GL\PGL\DEBUG\PGL_MESH.OBJ
D:\USERS\PAKULKARNI\DOCUMENTS\VISUAL STUDIO 2012\PROJECTS\OO_GL\PGL\DEBUG\PGL_OGL.OBJ
D:\USERS\PAKULKARNI\DOCUMENTS\VISUAL STUDIO 2012\PROJECTS\OO_GL\PGL\DEBUG\PGL_SHADOWMAP_TECHNIQUE.OBJ
D:\USERS\PAKULKARNI\DOCUMENTS\VISUAL STUDIO 2012\PROJECTS\OO_GL\PGL\DEBUG\PGL_TECHNIQUES.OBJ
D:\USERS\PAKULKARNI\DOCUMENTS\VISUAL STUDIO 2012\PROJECTS\OO_GL\PGL\DEBUG\PGL_TERRAIN_TECHNIQUE.OBJ
D:\USERS\PAKULKARNI\DOCUMENTS\VISUAL STUDIO 2012\PROJECTS\OO_GL\PGL\DEBUG\PGL_TEXTURE.OBJ
D:\USERS\PAKULKARNI\DOCUMENTS\VISUAL STUDIO 2012\PROJECTS\OO_GL\PGL\DEBUG\PGL_TRANSFORMATIONS.OBJ
D:\USERS\PAKULKARNI\DOCUMENTS\VISUAL STUDIO 2012\PROJECTS\OO_GL\PGL\DEBUG\PGL_UTILITY.OBJ
D:\USERS\PAKULKARNI\DOCUMENTS\VISUAL STUDIO 2012\PROJECTS\OO_GL\PGL\DEBUG\VC110.PDB
D:\Users\pakulkarni\Documents\Visual Studio 2012\Projects\OO_GL\PGL\Debug\pgl_camera.obj
D:\Users\pakulkarni\Documents\Visual Studio 2012\Projects\OO_GL\PGL\Debug\pgl_DPS_light.obj
D:\Users\pakulkarni\Documents\Visual Studio 2012\Projects\OO_GL\PGL\Debug\pgl_main.obj
D:\Users\pakulkarni\Documents\Visual Studio 2012\Projects\OO_GL\PGL\Debug\pgl_maths.obj
D:\Users\pakulkarni\Documents\Visual Studio 2012\Projects\OO_GL\PGL\Debug\pgl_mesh.obj
D:\Users\pakulkarni\Documents\Visual Studio 2012\Projects\OO_GL\PGL\Debug\pgl_ogl.obj
D:\Users\pakulkarni\Documents\Visual Studio 2012\Projects\OO_GL\PGL\Debug\pgl_shadowmap_technique.obj
D:\Users\pakulkarni\Documents\Visual Studio 2012\Projects\OO_GL\PGL\Debug\pgl_techniques.obj
D:\Users\pakulkarni\Documents\Visual Studio 2012\Projects\OO_GL\PGL\Debug\pgl_terrain_technique.obj
D:\Users\pakulkarni\Documents\Visual Studio 2012\Projects\OO_GL\PGL\Debug\pgl_texture.obj
D:\Users\pakulkarni\Documents\Visual Studio 2012\Projects\OO_GL\PGL\Debug\pgl_transformations.obj
D:\Users\pakulkarni\Documents\Visual Studio 2012\Projects\OO_GL\PGL\Debug\pgl_utility.obj
D:\Users\pakulkarni\Documents\Visual Studio 2012\Projects\OO_GL\PGL\Debug\cl.command.1.tlog
D:\Users\pakulkarni\Documents\Visual Studio 2012\Projects\OO_GL\PGL\Debug\CL.read.1.tlog
D:\Users\pakulkarni\Documents\Visual Studio 2012\Projects\OO_GL\PGL\Debug\CL.write.1.tlog
D:\Users\pakulkarni\Documents\Visual Studio 2012\Projects\OO_GL\PGL\Debug\vc110.idb
D:\Users\pakulkarni\Documents\Visual Studio 2012\Projects\OO_GL\PGL\Debug\vc110.pdb
